
Efinix FPGA Placement and Routing.
Version: 2023.1.150 
Date: Mon Feb 26 18:34:19 2024

Copyright (C) 2013 - 2023 Efinix Inc. All rights reserved.
 
Family: Trion 
Device: T120F324
Top-level Entity Name: periplex_apb
Elapsed time for packing: 0 hours 0 minutes 0 seconds

---------- Resource Summary (begin) ----------
Inputs: 44 / 1076 (4.09%)
Outputs: 4 / 1566 (0.26%)
Clocks: 1 / 16 (6.25%)
Logic Elements: 293 / 112128 (0.26%)
	LE: LUTs/Adders: 210 / 112128 (0.19%)
	LE: Registers: 176 / 107520 (0.16%)
Memory Blocks: 0 / 1056 (0.00%)
Multipliers: 0 / 320 (0.00%)
---------- Resource Summary (end) ----------


---------- IO Placement Summary (begin) ----------

+----------------------+--------------+
| Unassigned Core Pins | Input/Output |
+----------------------+--------------+
|       clock_w        |    Input     |
|       f_empty        |    Input     |
|   i_Data_Frame[47]   |    Input     |
|   i_Data_Frame[40]   |    Input     |
|   i_Data_Frame[39]   |    Input     |
|   i_Data_Frame[38]   |    Input     |
|   i_Data_Frame[37]   |    Input     |
|   i_Data_Frame[36]   |    Input     |
|   i_Data_Frame[35]   |    Input     |
|   i_Data_Frame[34]   |    Input     |
|   i_Data_Frame[33]   |    Input     |
|   i_Data_Frame[32]   |    Input     |
|   i_Data_Frame[31]   |    Input     |
|   i_Data_Frame[30]   |    Input     |
|   i_Data_Frame[29]   |    Input     |
|   i_Data_Frame[28]   |    Input     |
|   i_Data_Frame[27]   |    Input     |
|   i_Data_Frame[26]   |    Input     |
|   i_Data_Frame[25]   |    Input     |
|   i_Data_Frame[24]   |    Input     |
|   i_Data_Frame[23]   |    Input     |
|   i_Data_Frame[22]   |    Input     |
|   i_Data_Frame[21]   |    Input     |
|   i_Data_Frame[20]   |    Input     |
|   i_Data_Frame[19]   |    Input     |
|   i_Data_Frame[18]   |    Input     |
|   i_Data_Frame[17]   |    Input     |
|   i_Data_Frame[16]   |    Input     |
|   i_Data_Frame[15]   |    Input     |
|   i_Data_Frame[14]   |    Input     |
|   i_Data_Frame[13]   |    Input     |
|   i_Data_Frame[12]   |    Input     |
|   i_Data_Frame[11]   |    Input     |
|   i_Data_Frame[10]   |    Input     |
|   i_Data_Frame[9]    |    Input     |
|   i_Data_Frame[8]    |    Input     |
|   i_Data_Frame[7]    |    Input     |
|   i_Data_Frame[6]    |    Input     |
|   i_Data_Frame[5]    |    Input     |
|   i_Data_Frame[4]    |    Input     |
|   i_Data_Frame[3]    |    Input     |
|   i_Data_Frame[2]    |    Input     |
|   i_Data_Frame[1]    |    Input     |
|   i_Data_Frame[0]    |    Input     |
|      o_read_en       |    Output    |
|     o_Tx_Active      |    Output    |
|     o_Tx_Serial      |    Output    |
|      o_Tx_Done       |    Output    |
+----------------------+--------------+

----------- IO Placement Summary (end) ----------

Elapsed time for placement: 0 hours 0 minutes 5 seconds
